#! /c/Source/iverilog-install/bin/vvp
:ivl_version "12.0 (devel)" "(s20150603-1539-g2693dd32b)";
:ivl_delay_selection "TYPICAL";
:vpi_time_precision + 0;
:vpi_module "C:\iverilog\lib\ivl\system.vpi";
:vpi_module "C:\iverilog\lib\ivl\vhdl_sys.vpi";
:vpi_module "C:\iverilog\lib\ivl\vhdl_textio.vpi";
:vpi_module "C:\iverilog\lib\ivl\v2005_math.vpi";
:vpi_module "C:\iverilog\lib\ivl\va_math.vpi";
:vpi_module "C:\iverilog\lib\ivl\v2009.vpi";
S_0000021374dc2c40 .scope package, "$unit" "$unit" 2 1;
 .timescale 0 0;
S_0000021374dc2dd0 .scope module, "fifo" "fifo" 3 1;
 .timescale 0 0;
    .port_info 0 /INPUT 1 "rst_n";
    .port_info 1 /INPUT 1 "clk";
    .port_info 2 /INPUT 16 "data_in";
    .port_info 3 /INPUT 1 "wr_en";
    .port_info 4 /OUTPUT 1 "fifo_full";
    .port_info 5 /OUTPUT 8 "header_out";
    .port_info 6 /INPUT 1 "rd_en";
    .port_info 7 /OUTPUT 16 "data_out";
    .port_info 8 /OUTPUT 1 "fifo_empty";
P_0000021374de8db0 .param/l "DEPTH" 0 3 3, +C4<00000000000000000000000000001000>;
P_0000021374de8de8 .param/l "PKT_SIZE" 0 3 2, +C4<00000000000000000000000000010000>;
P_0000021374de8e20 .param/l "PTR_BWIDTH" 1 3 19, +C4<00000000000000000000000000000011>;
v0000021374dc3400_0 .net *"_ivl_1", 0 0, L_0000021374e462f0;  1 drivers
L_0000021374e46cc0 .functor BUFT 1, C4<00000000>, C4<0>, C4<0>, C4<0>;
v0000021374df3f20_0 .net/2u *"_ivl_10", 7 0, L_0000021374e46cc0;  1 drivers
v0000021374df3fc0_0 .net *"_ivl_14", 31 0, L_0000021374e8fef0;  1 drivers
L_0000021374e46d08 .functor BUFT 1, C4<0000000000000000000000000000>, C4<0>, C4<0>, C4<0>;
v0000021374e469d0_0 .net *"_ivl_17", 27 0, L_0000021374e46d08;  1 drivers
L_0000021374e46d50 .functor BUFT 1, C4<00000000000000000000000000001000>, C4<0>, C4<0>, C4<0>;
v0000021374e46a70_0 .net/2u *"_ivl_18", 31 0, L_0000021374e46d50;  1 drivers
v0000021374e46930_0 .net *"_ivl_2", 15 0, L_0000021374e46390;  1 drivers
v0000021374e46570_0 .net *"_ivl_22", 31 0, L_0000021374e8f8b0;  1 drivers
L_0000021374e46d98 .functor BUFT 1, C4<0000000000000000000000000000>, C4<0>, C4<0>, C4<0>;
v0000021374e46750_0 .net *"_ivl_25", 27 0, L_0000021374e46d98;  1 drivers
L_0000021374e46de0 .functor BUFT 1, C4<00000000000000000000000000000000>, C4<0>, C4<0>, C4<0>;
v0000021374e45d50_0 .net/2u *"_ivl_26", 31 0, L_0000021374e46de0;  1 drivers
v0000021374e45df0_0 .net *"_ivl_4", 4 0, L_0000021374e464d0;  1 drivers
L_0000021374e46c78 .functor BUFT 1, C4<00>, C4<0>, C4<0>, C4<0>;
v0000021374e466b0_0 .net *"_ivl_7", 1 0, L_0000021374e46c78;  1 drivers
v0000021374e45e90_0 .net *"_ivl_9", 7 0, L_0000021374e8ef50;  1 drivers
o0000021374dfd218 .functor BUFZ 1, C4<z>; HiZ drive
v0000021374e467f0_0 .net "clk", 0 0, o0000021374dfd218;  0 drivers
o0000021374dfd248 .functor BUFZ 16, C4<zzzzzzzzzzzzzzzz>; HiZ drive
v0000021374e46890_0 .net "data_in", 15 0, o0000021374dfd248;  0 drivers
v0000021374e46b10_0 .var "data_out", 15 0;
v0000021374e46bb0_0 .var "fifo_count", 3 0;
v0000021374e45cb0_0 .net "fifo_empty", 0 0, L_0000021374e8eff0;  1 drivers
v0000021374e46110_0 .net "fifo_full", 0 0, L_0000021374e8f770;  1 drivers
v0000021374e45f30_0 .net "header_out", 7 0, L_0000021374e907b0;  1 drivers
v0000021374e46430 .array "mem", 0 7, 15 0;
o0000021374dfd368 .functor BUFZ 1, C4<z>; HiZ drive
v0000021374e45fd0_0 .net "rd_en", 0 0, o0000021374dfd368;  0 drivers
v0000021374e46070_0 .var "rd_ptr", 2 0;
o0000021374dfd3c8 .functor BUFZ 1, C4<z>; HiZ drive
v0000021374e46610_0 .net "rst_n", 0 0, o0000021374dfd3c8;  0 drivers
o0000021374dfd3f8 .functor BUFZ 1, C4<z>; HiZ drive
v0000021374e461b0_0 .net "wr_en", 0 0, o0000021374dfd3f8;  0 drivers
v0000021374e46250_0 .var "wr_ptr", 2 0;
E_0000021374daa360/0 .event negedge, v0000021374e46610_0;
E_0000021374daa360/1 .event posedge, v0000021374e467f0_0;
E_0000021374daa360 .event/or E_0000021374daa360/0, E_0000021374daa360/1;
L_0000021374e462f0 .reduce/nor L_0000021374e8eff0;
L_0000021374e46390 .array/port v0000021374e46430, L_0000021374e464d0;
L_0000021374e464d0 .concat [ 3 2 0 0], v0000021374e46070_0, L_0000021374e46c78;
L_0000021374e8ef50 .part L_0000021374e46390, 8, 8;
L_0000021374e907b0 .functor MUXZ 8, L_0000021374e46cc0, L_0000021374e8ef50, L_0000021374e462f0, C4<>;
L_0000021374e8fef0 .concat [ 4 28 0 0], v0000021374e46bb0_0, L_0000021374e46d08;
L_0000021374e8f770 .cmp/eq 32, L_0000021374e8fef0, L_0000021374e46d50;
L_0000021374e8f8b0 .concat [ 4 28 0 0], v0000021374e46bb0_0, L_0000021374e46d98;
L_0000021374e8eff0 .cmp/eq 32, L_0000021374e8f8b0, L_0000021374e46de0;
    .scope S_0000021374dc2dd0;
T_0 ;
    %wait E_0000021374daa360;
    %load/vec4 v0000021374e46610_0;
    %nor/r;
    %flag_set/vec4 8;
    %jmp/0xz  T_0.0, 8;
    %pushi/vec4 0, 0, 3;
    %assign/vec4 v0000021374e46250_0, 0;
    %pushi/vec4 0, 0, 3;
    %assign/vec4 v0000021374e46070_0, 0;
    %pushi/vec4 0, 0, 4;
    %assign/vec4 v0000021374e46bb0_0, 0;
    %pushi/vec4 0, 0, 16;
    %assign/vec4 v0000021374e46b10_0, 0;
    %jmp T_0.1;
T_0.0 ;
    %load/vec4 v0000021374e461b0_0;
    %flag_set/vec4 9;
    %flag_get/vec4 9;
    %jmp/0 T_0.4, 9;
    %load/vec4 v0000021374e46110_0;
    %nor/r;
    %and;
T_0.4;
    %flag_set/vec4 8;
    %jmp/0xz  T_0.2, 8;
    %load/vec4 v0000021374e46890_0;
    %load/vec4 v0000021374e46250_0;
    %pad/u 5;
    %ix/vec4 3;
    %ix/load 4, 0, 0; Constant delay
    %assign/vec4/a/d v0000021374e46430, 0, 4;
    %load/vec4 v0000021374e46250_0;
    %addi 1, 0, 3;
    %assign/vec4 v0000021374e46250_0, 0;
T_0.2 ;
    %load/vec4 v0000021374e45fd0_0;
    %flag_set/vec4 9;
    %flag_get/vec4 9;
    %jmp/0 T_0.7, 9;
    %load/vec4 v0000021374e45cb0_0;
    %nor/r;
    %and;
T_0.7;
    %flag_set/vec4 8;
    %jmp/0xz  T_0.5, 8;
    %load/vec4 v0000021374e46070_0;
    %pad/u 5;
    %ix/vec4 4;
    %load/vec4a v0000021374e46430, 4;
    %assign/vec4 v0000021374e46b10_0, 0;
    %load/vec4 v0000021374e46070_0;
    %addi 1, 0, 3;
    %assign/vec4 v0000021374e46070_0, 0;
T_0.5 ;
    %load/vec4 v0000021374e461b0_0;
    %flag_set/vec4 11;
    %flag_get/vec4 11;
    %jmp/0 T_0.12, 11;
    %load/vec4 v0000021374e46110_0;
    %nor/r;
    %and;
T_0.12;
    %flag_set/vec4 10;
    %flag_get/vec4 10;
    %jmp/0 T_0.11, 10;
    %load/vec4 v0000021374e45fd0_0;
    %and;
T_0.11;
    %flag_set/vec4 9;
    %flag_get/vec4 9;
    %jmp/0 T_0.10, 9;
    %load/vec4 v0000021374e45cb0_0;
    %nor/r;
    %and;
T_0.10;
    %flag_set/vec4 8;
    %jmp/0xz  T_0.8, 8;
    %load/vec4 v0000021374e46bb0_0;
    %assign/vec4 v0000021374e46bb0_0, 0;
    %jmp T_0.9;
T_0.8 ;
    %load/vec4 v0000021374e461b0_0;
    %flag_set/vec4 9;
    %flag_get/vec4 9;
    %jmp/0 T_0.15, 9;
    %load/vec4 v0000021374e46110_0;
    %nor/r;
    %and;
T_0.15;
    %flag_set/vec4 8;
    %jmp/0xz  T_0.13, 8;
    %load/vec4 v0000021374e46bb0_0;
    %addi 1, 0, 4;
    %assign/vec4 v0000021374e46bb0_0, 0;
    %jmp T_0.14;
T_0.13 ;
    %load/vec4 v0000021374e45fd0_0;
    %flag_set/vec4 9;
    %flag_get/vec4 9;
    %jmp/0 T_0.18, 9;
    %load/vec4 v0000021374e45cb0_0;
    %nor/r;
    %and;
T_0.18;
    %flag_set/vec4 8;
    %jmp/0xz  T_0.16, 8;
    %load/vec4 v0000021374e46bb0_0;
    %subi 1, 0, 4;
    %assign/vec4 v0000021374e46bb0_0, 0;
T_0.16 ;
T_0.14 ;
T_0.9 ;
T_0.1 ;
    %jmp T_0;
    .thread T_0;
# The file index is used to find the file name in the following table.
:file_names 4;
    "N/A";
    "<interactive>";
    "-";
    ".\starter_files\FIFO.sv";
