#! /c/Source/iverilog-install/bin/vvp
:ivl_version "12.0 (devel)" "(s20150603-1539-g2693dd32b)";
:ivl_delay_selection "TYPICAL";
:vpi_time_precision - 9;
:vpi_module "C:\iverilog\lib\ivl\system.vpi";
:vpi_module "C:\iverilog\lib\ivl\vhdl_sys.vpi";
:vpi_module "C:\iverilog\lib\ivl\vhdl_textio.vpi";
:vpi_module "C:\iverilog\lib\ivl\v2005_math.vpi";
:vpi_module "C:\iverilog\lib\ivl\va_math.vpi";
S_000002897cb35be0 .scope module, "counter_tb" "counter_tb" 2 16;
 .timescale -9 -9;
v000002897cb35f00_0 .var "clk", 0 0;
v000002897cb35fa0_0 .net "count", 3 0, v000002897cb03090_0;  1 drivers
v000002897caebdb0_0 .var "reset", 0 0;
S_000002897cb35d70 .scope module, "uut" "counter" 2 22, 2 1 0, S_000002897cb35be0;
 .timescale 0 0;
    .port_info 0 /INPUT 1 "clk";
    .port_info 1 /INPUT 1 "reset";
    .port_info 2 /OUTPUT 4 "count";
v000002897cb02e70_0 .net "clk", 0 0, v000002897cb35f00_0;  1 drivers
v000002897cb03090_0 .var "count", 3 0;
v000002897cae9060_0 .net "reset", 0 0, v000002897caebdb0_0;  1 drivers
E_000002897caecd40 .event posedge, v000002897cae9060_0, v000002897cb02e70_0;
    .scope S_000002897cb35d70;
T_0 ;
    %wait E_000002897caecd40;
    %load/vec4 v000002897cae9060_0;
    %flag_set/vec4 8;
    %jmp/0xz  T_0.0, 8;
    %pushi/vec4 0, 0, 4;
    %assign/vec4 v000002897cb03090_0, 0;
    %jmp T_0.1;
T_0.0 ;
    %load/vec4 v000002897cb03090_0;
    %addi 1, 0, 4;
    %assign/vec4 v000002897cb03090_0, 0;
T_0.1 ;
    %jmp T_0;
    .thread T_0;
    .scope S_000002897cb35be0;
T_1 ;
    %pushi/vec4 0, 0, 1;
    %store/vec4 v000002897cb35f00_0, 0, 1;
T_1.0 ;
    %delay 5, 0;
    %load/vec4 v000002897cb35f00_0;
    %inv;
    %store/vec4 v000002897cb35f00_0, 0, 1;
    %jmp T_1.0;
    %end;
    .thread T_1;
    .scope S_000002897cb35be0;
T_2 ;
    %vpi_call 2 37 "$dumpfile", "waves.vcd" {0 0 0};
    %vpi_call 2 38 "$dumpvars", 32'sb00000000000000000000000000000000, S_000002897cb35be0 {0 0 0};
    %pushi/vec4 1, 0, 1;
    %store/vec4 v000002897caebdb0_0, 0, 1;
    %delay 10, 0;
    %pushi/vec4 0, 0, 1;
    %store/vec4 v000002897caebdb0_0, 0, 1;
    %delay 100, 0;
    %vpi_call 2 44 "$finish" {0 0 0};
    %end;
    .thread T_2;
# The file index is used to find the file name in the following table.
:file_names 3;
    "N/A";
    "<interactive>";
    "test.v";
